Personas de 20 años
34098790;Baravalle;20
----------------------------------------
Personas de 21 años
32790866;Moreno;21
33786091;Vera;21
36900375;Ocampo;21
----------------------------------------
Personas de 22 años
29477936;Francischini;22
----------------------------------------
Personas de 23 años
36714588;Perazzo;23
32419830;Bellana;23
38010118;TurkoSoto;23
----------------------------------------
Personas de 24 años
38380227;Menichetti;24
37649546;Ledesma;24
----------------------------------------
Personas de 25 años
34375738;Occhi;25
32757425;PerezAledda;25
30513994;Caruso;25
35951783;Santelli;25
37542331;Albarracín;25
35974947;Aranda;25
----------------------------------------
Personas de 26 años
32616493;Alonso;26
26942727;Esposito;26
32631539;Gonzalez;26
41450508;Chicchi;26
18861210;Villca;26
----------------------------------------
Personas de 27 años
36178904;Gomez;27
37273740;Santise;27
29130380;Correa;27
35532465;PinEtchave;27
----------------------------------------
Personas de 28 años
33907663;Gualco;28
----------------------------------------
Personas de 29 años
32236740;Ubillos;29
38028213;Crosta;29
----------------------------------------
Personas de 30 años
38031617;Accerboni;30
36166857;Cela;30
38142213;Gobbi;30
28408106;Avendaño;30
----------------------------------------
Personas de 32 años
36087949;Bravo;32
37754713;Iseñ;32
33423119;Coronado;32
33116287;Guido;32
----------------------------------------
Personas de 34 años
34412028;Ayvar;34
37753908;Rodeiro;34
37864636;Amato;34
----------------------------------------
Personas de 35 años
13554552;Jovanovich;35
----------------------------------------
Personas de 36 años
37113832;Toloza;36
37792163;Martin;36
31604852;Grau;36
----------------------------------------
Personas de 37 años
35368160;Gonzalez;37
32605380;Elizagoyen;37
35204681;Benitez;37
38200327;Benini;37
----------------------------------------
Personas de 38 años
32980931;Castillo;38
26816082;Veljacic;38
31464233;Frigerio;38
30603450;Vinci;38
----------------------------------------
Personas de 39 años
32760802;Iglesias;39
37864860;Ali;39
----------------------------------------
Personas de 40 años
27302142;Canteros;40
37605721;Allegretti;40
----------------------------------------
